<?xml version="1.0" encoding="UTF-8"?>
<!-- Generated by org.testng.reporters.JUnitReportReporter -->
<testsuite skipped="0" hostname="rasta" name="com.myrbshoeresttests.tests.Test_REST_BasicFeatures" tests="1" failures="0" timestamp="17 Jul 2017 21:11:07 GMT" time="3.352" errors="0">
  <testcase name="testWithRoot" time="3.352" classname="com.myrbshoeresttests.tests.Test_REST_BasicFeatures"/>
</testsuite> <!-- com.myrbshoeresttests.tests.Test_REST_BasicFeatures -->
