<?xml version="1.0" encoding="UTF-8"?>
<!-- Generated by org.testng.reporters.JUnitReportReporter -->
<testsuite hostname="rasta" name="com.myrbshoetests.tests.AcceptanceCriteria2Test" tests="1" failures="0" timestamp="6 Jul 2017 20:24:27 GMT" time="6.275" errors="0">
  <testcase name="isAcceptCriteriaAvailable" time="6.275" classname="com.myrbshoetests.tests.AcceptanceCriteria2Test"/>
</testsuite> <!-- com.myrbshoetests.tests.AcceptanceCriteria2Test -->
