<?xml version="1.0" encoding="UTF-8"?>
<!-- Generated by org.testng.reporters.JUnitReportReporter -->
<testsuite skipped="0" hostname="rasta" name="com.myrbshoeresttests.tests.RestTest_5ResponseInDiffWays" tests="1" failures="0" timestamp="18 Jul 2017 03:21:08 GMT" time="35.274" errors="0">
  <testcase name="postJSONBody" time="35.274" classname="com.myrbshoeresttests.tests.RestTest_5ResponseInDiffWays"/>
</testsuite> <!-- com.myrbshoeresttests.tests.RestTest_5ResponseInDiffWays -->
